#-----------------------------------------------------------
# Vivado v2020.1 (64-bit)
# SW Build 2902540 on Wed May 27 19:54:49 MDT 2020
# IP Build 2902112 on Wed May 27 22:43:36 MDT 2020
# Start of session at: Mon Apr 21 12:54:29 2025
# Process ID: 10080
# Current directory: C:/Users/raufa/OneDrive/Desktop/Skeeball_counter_complete/Skeeball_counter_complete/SKEEBALL/Skeeball_project
# Command line: vivado.exe -gui_launcher_event rodinguilauncherevent9480 C:\Users\raufa\OneDrive\Desktop\Skeeball_counter_complete\Skeeball_counter_complete\SKEEBALL\Skeeball_project\Skeeball_project.xpr
# Log file: C:/Users/raufa/OneDrive/Desktop/Skeeball_counter_complete/Skeeball_counter_complete/SKEEBALL/Skeeball_project/vivado.log
# Journal file: C:/Users/raufa/OneDrive/Desktop/Skeeball_counter_complete/Skeeball_counter_complete/SKEEBALL/Skeeball_project\vivado.jou
#-----------------------------------------------------------
start_gui
open_project C:/Users/raufa/OneDrive/Desktop/Skeeball_counter_complete/Skeeball_counter_complete/SKEEBALL/Skeeball_project/Skeeball_project.xpr
INFO: [ProjectBase 1-489] The host OS only allows 260 characters in a normal path. The project is stored in a path with more than 80 characters. If you experience issues with IP, Block Designs, or files not being found, please consider moving the project to a location with a shorter path. Alternately consider using the OS subst command to map part of the path to a drive letter.
Current project path is 'C:/Users/raufa/OneDrive/Desktop/Skeeball_counter_complete/Skeeball_counter_complete/SKEEBALL/Skeeball_project'
INFO: [Project 1-313] Project file moved from 'C:/Users/ak10347/Downloads/SKEEBALL/SKEEBALL/Skeeball_project' since last save.
Scanning sources...
FFinished scanning sourcesWARNING: [filemgmt 56-2] IPUserFilesDir: Could not find the directory 'C:/Users/raufa/OneDrive/Desktop/Skeeball_counter_complete/Skeeball_counter_complete/SKEEBALL/Skeeball_project/Skeeball_project.ip_user_files', nor could it be found using path 'C:/Users/ak10347/Downloads/SKEEBALL/SKEEBALL/Skeeball_project/Skeeball_project.ip_user_files'.
IINFO: [IP_Flow 19-234] Refreshing IP repositories
INFO: [IP_Flow 19-1704] No user IP repositories specifiedIINFO: [IP_Flow 19-2313] Loaded Vivado IP repository 'C:/Xilinx/Vivado/2020.1/Vivado/2020.1/data/ip'.oopen_project: Time (s): cpu = 00:00:08 ; elapsed = 00:00:12 . Memory (MB): peak = 1015.328 ; gain = 0.000updatINFO: [Common 17-206] Exiting Vivadopen_hw_manager
connect_hw_server -allow_non_jtag
INFO: [Labtools 27-2285] Connecting to hw_server url TCP:localhost:3121
INFO: [Labtools 27-2222] Launching hw_server...
INFO: [Labtools 27-2221] Launch Output:

****** Xilinx hw_server v2020.1
  **** Build date : May 27 2020 at 20:24:38
    ** Copyright 1986-2020 Xilinx, Inc. All Rights Reserved.


INFO: [Labtools 27-3415] Connecting to cs_server url TCP:localhost:3042
INFO: [Labtools 27-3417] Launching cs_server...
INFO: [Labtools 27-2221] Launch Output:


****** Xilinx cs_server v2020.1.0
  **** Build date : May 14 2020-06:10:29
    ** Copyright 2017-2020 Xilinx, Inc. All Rights Reserved.



connect_hw_server: Time (s): cpu = 00:00:01 ; elapsed = 00:00:09 . Memory (MB): peak = 1027.727 ; gain = 0.000
open_hw_target
INFO: [Labtoolstcl 44-466] Opening hw_target localhost:3121/xilinx_tcf/Digilent/210183AF2A58A
open_hw_target: Time (s): cpu = 00:00:03 ; elapsed = 00:00:07 . Memory (MB): peak = 2174.898 ; gain = 1147.172
set_property PROGRAM.FILE {C:/Users/raufa/OneDrive/Desktop/Skeeball_counter_complete/Skeeball_counter_complete/SKEEBALL/Skeeball_project/Skeeball_project.runs/impl_1/Top_Level_Module.bit} [get_hw_devices xc7a35t_0]
current_hw_device [get_hw_devices xc7a35t_0]
refresh_hw_device -update_hw_probes false [lindex [get_hw_devices xc7a35t_0] 0]
INFO: [Labtools 27-1434] Device xc7a35t (JTAG device index = 0) is programmed with a design that has no supported debug core(s) in it.
set_property PROBES.FILE {} [get_hw_devices xc7a35t_0]
set_property FULL_PROBES.FILE {} [get_hw_devices xc7a35t_0]
set_property PROGRAM.FILE {C:/Users/raufa/OneDrive/Desktop/Skeeball_counter_complete/Skeeball_counter_complete/SKEEBALL/Skeeball_project/Skeeball_project.runs/impl_1/Top_Level_Module.bit} [get_hw_devices xc7a35t_0]
program_hw_devices [get_hw_devices xc7a35t_0]
INFO: [Labtools 27-3164] End of startup status: HIGH
refresh_hw_device [lindex [get_hw_devices xc7a35t_0] 0]
INFO: [Labtools 27-1434] Device xc7a35t (JTAG device index = 0) is programmed with a design that has no supported debug core(s) in it.
reset_run synth_1
launch_runs impl_1 -jobs 16
[Mon Apr 21 13:02:54 2025] Launched synth_1...
Run output will be captured here: C:/Users/raufa/OneDrive/Desktop/Skeeball_counter_complete/Skeeball_counter_complete/SKEEBALL/Skeeball_project/Skeeball_project.runs/synth_1/runme.log
[Mon Apr 21 13:02:54 2025] Launched impl_1...
Run output will be captured here: C:/Users/raufa/OneDrive/Desktop/Skeeball_counter_complete/Skeeball_counter_complete/SKEEBALL/Skeeball_project/Skeeball_project.runs/impl_1/runme.log
close_hw_manager
open_run impl_1
INFO: [Device 21-403] Loading part xc7a35tcpg236-1
Netlist sorting complete. Time (s): cpu = 00:00:00 ; elapsed = 00:00:00.014 . Memory (MB): peak = 2496.703 ; gain = 0.000
INFO: [Netlist 29-17] Analyzing 154 Unisim elements for replacement
INFO: [Netlist 29-28] Unisim Transformation completed in 0 CPU seconds
INFO: [Project 1-479] Netlist was created with Vivado 2020.1
INFO: [Project 1-570] Preparing netlist for logic optimization
INFO: [Timing 38-478] Restoring timing data from binary archive.
INFO: [Timing 38-479] Binary timing data restore complete.
INFO: [Project 1-856] Restoring constraints from binary archive.
INFO: [Project 1-853] Binary constraint restore complete.
Reading XDEF placement.
Reading placer database...
Reading XDEF routing.
Read XDEF File: Time (s): cpu = 00:00:00 ; elapsed = 00:00:00.153 . Memory (MB): peak = 3105.680 ; gain = 0.000
Restored from archive | CPU: 0.000000 secs | Memory: 0.000000 MB |
Finished XDEF File Restore: Time (s): cpu = 00:00:00 ; elapsed = 00:00:00.154 . Memory (MB): peak = 3105.680 ; gain = 0.000
Netlist sorting complete. Time (s): cpu = 00:00:00 ; elapsed = 00:00:00 . Memory (MB): peak = 3105.680 ; gain = 0.000
INFO: [Project 1-111] Unisim Transformation Summary:
No Unisim elements were transformed.

open_run: Time (s): cpu = 00:00:16 ; elapsed = 00:00:16 . Memory (MB): peak = 3266.816 ; gain = 1031.867
WARNING: [Timing 38-313] There are no user specified timing constraints. Timing constraints are needed for proper timing analysis.
place_ports S1 G2
save_constraints
reset_run impl_1
launch_runs impl_1 -to_step write_bitstream -jobs 16
[Mon Apr 21 13:08:51 2025] Launched impl_1...
Run output will be captured here: C:/Users/raufa/OneDrive/Desktop/Skeeball_counter_complete/Skeeball_counter_complete/SKEEBALL/Skeeball_project/Skeeball_project.runs/impl_1/runme.log
open_hw_manager
connect_hw_server -allow_non_jtag
INFO: [Labtools 27-2285] Connecting to hw_server url TCP:localhost:3121
INFO: [Labtools 27-2222] Launching hw_server...
INFO: [Labtools 27-2221] Launch Output:

****** Xilinx hw_server v2020.1
  **** Build date : May 27 2020 at 20:24:38
    ** Copyright 1986-2020 Xilinx, Inc. All Rights Reserved.


INFO: [Labtools 27-3415] Connecting to cs_server url TCP:localhost:3042
INFO: [Labtools 27-3417] Launching cs_server...
INFO: [Labtools 27-2221] Launch Output:


****** Xilinx cs_server v2020.1.0
  **** Build date : May 14 2020-06:10:29
    ** Copyright 2017-2020 Xilinx, Inc. All Rights Reserved.



connect_hw_server: Time (s): cpu = 00:00:01 ; elapsed = 00:00:06 . Memory (MB): peak = 3277.941 ; gain = 0.000
open_hw_target
INFO: [Labtoolstcl 44-466] Opening hw_target localhost:3121/xilinx_tcf/Digilent/210183AF2A58A
set_property PROGRAM.FILE {C:/Users/raufa/OneDrive/Desktop/Skeeball_counter_complete/Skeeball_counter_complete/SKEEBALL/Skeeball_project/Skeeball_project.runs/impl_1/Top_Level_Module.bit} [get_hw_devices xc7a35t_0]
current_hw_device [get_hw_devices xc7a35t_0]
refresh_hw_device -update_hw_probes false [lindex [get_hw_devices xc7a35t_0] 0]
INFO: [Labtools 27-1434] Device xc7a35t (JTAG device index = 0) is programmed with a design that has no supported debug core(s) in it.
set_property PROBES.FILE {} [get_hw_devices xc7a35t_0]
set_property FULL_PROBES.FILE {} [get_hw_devices xc7a35t_0]
set_property PROGRAM.FILE {C:/Users/raufa/OneDrive/Desktop/Skeeball_counter_complete/Skeeball_counter_complete/SKEEBALL/Skeeball_project/Skeeball_project.runs/impl_1/Top_Level_Module.bit} [get_hw_devices xc7a35t_0]
program_hw_devices [get_hw_devices xc7a35t_0]
INFO: [Labtools 27-3164] End of startup status: HIGH
refresh_hw_device [lindex [get_hw_devices xc7a35t_0] 0]
INFO: [Labtools 27-1434] Device xc7a35t (JTAG device index = 0) is programmed with a design that has no supported debug core(s) in it.
close_hw_manager
close_design
open_hw_manager
connect_hw_server -allow_non_jtag
INFO: [Labtools 27-2285] Connecting to hw_server url TCP:localhost:3121
INFO: [Labtools 27-2222] Launching hw_server...
INFO: [Labtools 27-2221] Launch Output:

****** Xilinx hw_server v2020.1
  **** Build date : May 27 2020 at 20:24:38
    ** Copyright 1986-2020 Xilinx, Inc. All Rights Reserved.


INFO: [Labtools 27-3415] Connecting to cs_server url TCP:localhost:3042
INFO: [Labtools 27-3417] Launching cs_server...
INFO: [Labtools 27-2221] Launch Output:


****** Xilinx cs_server v2020.1.0
  **** Build date : May 14 2020-06:10:29
    ** Copyright 2017-2020 Xilinx, Inc. All Rights Reserved.



connect_hw_server: Time (s): cpu = 00:00:00 ; elapsed = 00:00:06 . Memory (MB): peak = 3438.480 ; gain = 0.000
open_hw_target
INFO: [Labtoolstcl 44-466] Opening hw_target localhost:3121/xilinx_tcf/Digilent/210183AF2A58A
set_property PROGRAM.FILE {C:/Users/raufa/OneDrive/Desktop/Skeeball_counter_complete/Skeeball_counter_complete/SKEEBALL/Skeeball_project/Skeeball_project.runs/impl_1/Top_Level_Module.bit} [get_hw_devices xc7a35t_0]
current_hw_device [get_hw_devices xc7a35t_0]
refresh_hw_device -update_hw_probes false [lindex [get_hw_devices xc7a35t_0] 0]
INFO: [Labtools 27-1434] Device xc7a35t (JTAG device index = 0) is programmed with a design that has no supported debug core(s) in it.
set_property PROBES.FILE {} [get_hw_devices xc7a35t_0]
set_property FULL_PROBES.FILE {} [get_hw_devices xc7a35t_0]
set_property PROGRAM.FILE {C:/Users/raufa/OneDrive/Desktop/Skeeball_counter_complete/Skeeball_counter_complete/SKEEBALL/Skeeball_project/Skeeball_project.runs/impl_1/Top_Level_Module.bit} [get_hw_devices xc7a35t_0]
program_hw_devices [get_hw_devices xc7a35t_0]
INFO: [Labtools 27-3164] End of startup status: HIGH
refresh_hw_device [lindex [get_hw_devices xc7a35t_0] 0]
INFO: [Labtools 27-1434] Device xc7a35t (JTAG device index = 0) is programmed with a design that has no supported debug core(s) in it.
reset_run synth_1
launch_runs impl_1 -to_step write_bitstream -jobs 16
[Mon Apr 21 13:15:31 2025] Launched synth_1...
Run output will be captured here: C:/Users/raufa/OneDrive/Desktop/Skeeball_counter_complete/Skeeball_counter_complete/SKEEBALL/Skeeball_project/Skeeball_project.runs/synth_1/runme.log
[Mon Apr 21 13:15:31 2025] Launched impl_1...
Run output will be captured here: C:/Users/raufa/OneDrive/Desktop/Skeeball_counter_complete/Skeeball_counter_complete/SKEEBALL/Skeeball_project/Skeeball_project.runs/impl_1/runme.log
close_hw_manager
open_hw_manager
connect_hw_server -allow_non_jtag
INFO: [Labtools 27-2285] Connecting to hw_server url TCP:localhost:3121
INFO: [Labtools 27-2222] Launching hw_server...
INFO: [Labtools 27-2221] Launch Output:

****** Xilinx hw_server v2020.1
  **** Build date : May 27 2020 at 20:24:38
    ** Copyright 1986-2020 Xilinx, Inc. All Rights Reserved.


INFO: [Labtools 27-3415] Connecting to cs_server url TCP:localhost:3042
INFO: [Labtools 27-3417] Launching cs_server...
INFO: [Labtools 27-2221] Launch Output:


****** Xilinx cs_server v2020.1.0
  **** Build date : May 14 2020-06:10:29
    ** Copyright 2017-2020 Xilinx, Inc. All Rights Reserved.



connect_hw_server: Time (s): cpu = 00:00:00 ; elapsed = 00:00:06 . Memory (MB): peak = 3438.480 ; gain = 0.000
open_hw_target
INFO: [Labtoolstcl 44-466] Opening hw_target localhost:3121/xilinx_tcf/Digilent/210183AF2A58A
set_property PROGRAM.FILE {C:/Users/raufa/OneDrive/Desktop/Skeeball_counter_complete/Skeeball_counter_complete/SKEEBALL/Skeeball_project/Skeeball_project.runs/impl_1/Top_Level_Module.bit} [get_hw_devices xc7a35t_0]
current_hw_device [get_hw_devices xc7a35t_0]
refresh_hw_device -update_hw_probes false [lindex [get_hw_devices xc7a35t_0] 0]
INFO: [Labtools 27-1434] Device xc7a35t (JTAG device index = 0) is programmed with a design that has no supported debug core(s) in it.
set_property PROBES.FILE {} [get_hw_devices xc7a35t_0]
set_property FULL_PROBES.FILE {} [get_hw_devices xc7a35t_0]
set_property PROGRAM.FILE {C:/Users/raufa/OneDrive/Desktop/Skeeball_counter_complete/Skeeball_counter_complete/SKEEBALL/Skeeball_project/Skeeball_project.runs/impl_1/Top_Level_Module.bit} [get_hw_devices xc7a35t_0]
program_hw_devices [get_hw_devices xc7a35t_0]
INFO: [Labtools 27-3164] End of startup status: HIGH
refresh_hw_device [lindex [get_hw_devices xc7a35t_0] 0]
INFO: [Labtools 27-1434] Device xc7a35t (JTAG device index = 0) is programmed with a design that has no supported debug core(s) in it.
reset_run synth_1
launch_runs impl_1 -to_step write_bitstream -jobs 16
[Mon Apr 21 13:21:21 2025] Launched synth_1...
Run output will be captured here: C:/Users/raufa/OneDrive/Desktop/Skeeball_counter_complete/Skeeball_counter_complete/SKEEBALL/Skeeball_project/Skeeball_project.runs/synth_1/runme.log
[Mon Apr 21 13:21:21 2025] Launched impl_1...
Run output will be captured here: C:/Users/raufa/OneDrive/Desktop/Skeeball_counter_complete/Skeeball_counter_complete/SKEEBALL/Skeeball_project/Skeeball_project.runs/impl_1/runme.log
reset_run impl_1 -prev_step 
launch_runs impl_1 -to_step write_bitstream -jobs 16
[Mon Apr 21 13:23:34 2025] Launched impl_1...
Run output will be captured here: C:/Users/raufa/OneDrive/Desktop/Skeeball_counter_complete/Skeeball_counter_complete/SKEEBALL/Skeeball_project/Skeeball_project.runs/impl_1/runme.log
reset_run impl_1 -prev_step 
WARNING: [Vivado 12-1017] Problems encountered:
1. PID not specified

reset_run impl_1 -prev_step 
WARNING: [Vivado 12-1017] Problems encountered:
1. PID not specified

launch_runs impl_1 -to_step write_bitstream -jobs 16
[Mon Apr 21 13:23:59 2025] Launched impl_1...
Run output will be captured here: C:/Users/raufa/OneDrive/Desktop/Skeeball_counter_complete/Skeeball_counter_complete/SKEEBALL/Skeeball_project/Skeeball_project.runs/impl_1/runme.log
set_property PROBES.FILE {} [get_hw_devices xc7a35t_0]
set_property FULL_PROBES.FILE {} [get_hw_devices xc7a35t_0]
set_property PROGRAM.FILE {C:/Users/raufa/OneDrive/Desktop/Skeeball_counter_complete/Skeeball_counter_complete/SKEEBALL/Skeeball_project/Skeeball_project.runs/impl_1/Top_Level_Module.bit} [get_hw_devices xc7a35t_0]
program_hw_devices [get_hw_devices xc7a35t_0]
INFO: [Labtools 27-3164] End of startup status: HIGH
refresh_hw_device [lindex [get_hw_devices xc7a35t_0] 0]
INFO: [Labtools 27-1434] Device xc7a35t (JTAG device index = 0) is programmed with a design that has no supported debug core(s) in it.
ERROR: [Labtoolstcl 44-513] HW Target shutdown. Closing target: localhost:3121/xilinx_tcf/Digilent/210183AF2A58A
INFO: [Labtoolstcl 44-466] Opening hw_target localhost:3121/xilinx_tcf/Digilent/210183AF2A58A
INFO: [Labtools 27-1434] Device xc7a35t (JTAG device index = 0) is programmed with a design that has no supported debug core(s) in it.
WARNING: [Labtoolstcl 44-129] No matching hw_ila_data was found.
ERROR: [Labtoolstcl 44-513] HW Target shutdown. Closing target: localhost:3121/xilinx_tcf/Digilent/210183AF2A58A
INFO: [Labtoolstcl 44-466] Opening hw_target localhost:3121/xilinx_tcf/Digilent/210183AF2A58A
INFO: [Labtools 27-1434] Device xc7a35t (JTAG device index = 0) is programmed with a design that has no supported debug core(s) in it.
WARNING: [Labtoolstcl 44-129] No matching hw_ila_data was found.
ERROR: [Labtoolstcl 44-513] HW Target shutdown. Closing target: localhost:3121/xilinx_tcf/Digilent/210183AF2A58A
INFO: [Labtoolstcl 44-466] Opening hw_target localhost:3121/xilinx_tcf/Digilent/210183AF2A58A
INFO: [Labtools 27-1434] Device xc7a35t (JTAG device index = 0) is programmed with a design that has no supported debug core(s) in it.
WARNING: [Labtoolstcl 44-129] No matching hw_ila_data was found.
reset_run synth_1
launch_runs impl_1 -to_step write_bitstream -jobs 16
[Mon Apr 21 13:32:57 2025] Launched synth_1...
Run output will be captured here: C:/Users/raufa/OneDrive/Desktop/Skeeball_counter_complete/Skeeball_counter_complete/SKEEBALL/Skeeball_project/Skeeball_project.runs/synth_1/runme.log
[Mon Apr 21 13:32:57 2025] Launched impl_1...
Run output will be captured here: C:/Users/raufa/OneDrive/Desktop/Skeeball_counter_complete/Skeeball_counter_complete/SKEEBALL/Skeeball_project/Skeeball_project.runs/impl_1/runme.log
set_property PROBES.FILE {} [get_hw_devices xc7a35t_0]
set_property FULL_PROBES.FILE {} [get_hw_devices xc7a35t_0]
set_property PROGRAM.FILE {C:/Users/raufa/OneDrive/Desktop/Skeeball_counter_complete/Skeeball_counter_complete/SKEEBALL/Skeeball_project/Skeeball_project.runs/impl_1/Top_Level_Module.bit} [get_hw_devices xc7a35t_0]
program_hw_devices [get_hw_devices xc7a35t_0]
INFO: [Labtools 27-3164] End of startup status: HIGH
refresh_hw_device [lindex [get_hw_devices xc7a35t_0] 0]
INFO: [Labtools 27-1434] Device xc7a35t (JTAG device index = 0) is programmed with a design that has no supported debug core(s) in it.
set_property PROBES.FILE {} [get_hw_devices xc7a35t_0]
set_property FULL_PROBES.FILE {} [get_hw_devices xc7a35t_0]
set_property PROGRAM.FILE {C:/Users/raufa/OneDrive/Desktop/Skeeball_counter_complete/Skeeball_counter_complete/SKEEBALL/Skeeball_project/Skeeball_project.runs/impl_1/Top_Level_Module.bit} [get_hw_devices xc7a35t_0]
program_hw_devices [get_hw_devices xc7a35t_0]
INFO: [Labtools 27-3164] End of startup status: HIGH
refresh_hw_device [lindex [get_hw_devices xc7a35t_0] 0]
INFO: [Labtools 27-1434] Device xc7a35t (JTAG device index = 0) is programmed with a design that has no supported debug core(s) in it.
set_property PROBES.FILE {} [get_hw_devices xc7a35t_0]
set_property FULL_PROBES.FILE {} [get_hw_devices xc7a35t_0]
set_property PROGRAM.FILE {C:/Users/raufa/OneDrive/Desktop/Skeeball_counter_complete/Skeeball_counter_complete/SKEEBALL/Skeeball_project/Skeeball_project.runs/impl_1/Top_Level_Module.bit} [get_hw_devices xc7a35t_0]
program_hw_devices [get_hw_devices xc7a35t_0]
INFO: [Labtools 27-3164] End of startup status: HIGH
refresh_hw_device [lindex [get_hw_devices xc7a35t_0] 0]
INFO: [Labtools 27-1434] Device xc7a35t (JTAG device index = 0) is programmed with a design that has no supported debug core(s) in it.
set_property PROBES.FILE {} [get_hw_devices xc7a35t_0]
set_property FULL_PROBES.FILE {} [get_hw_devices xc7a35t_0]
set_property PROGRAM.FILE {C:/Users/raufa/OneDrive/Desktop/Skeeball_counter_complete/Skeeball_counter_complete/SKEEBALL/Skeeball_project/Skeeball_project.runs/impl_1/Top_Level_Module.bit} [get_hw_devices xc7a35t_0]
program_hw_devices [get_hw_devices xc7a35t_0]
INFO: [Labtools 27-3164] End of startup status: HIGH
refresh_hw_device [lindex [get_hw_devices xc7a35t_0] 0]
INFO: [Labtools 27-1434] Device xc7a35t (JTAG device index = 0) is programmed with a design that has no supported debug core(s) in it.
set_property PROBES.FILE {} [get_hw_devices xc7a35t_0]
set_property FULL_PROBES.FILE {} [get_hw_devices xc7a35t_0]
set_property PROGRAM.FILE {C:/Users/raufa/OneDrive/Desktop/Skeeball_counter_complete/Skeeball_counter_complete/SKEEBALL/Skeeball_project/Skeeball_project.runs/impl_1/Top_Level_Module.bit} [get_hw_devices xc7a35t_0]
program_hw_devices [get_hw_devices xc7a35t_0]
INFO: [Labtools 27-3164] End of startup status: HIGH
refresh_hw_device [lindex [get_hw_devices xc7a35t_0] 0]
INFO: [Labtools 27-1434] Device xc7a35t (JTAG device index = 0) is programmed with a design that has no supported debug core(s) in it.
ERROR: [Labtoolstcl 44-513] HW Target shutdown. Closing target: localhost:3121/xilinx_tcf/Digilent/210183AF2A58A
INFO: [Labtoolstcl 44-466] Opening hw_target localhost:3121/xilinx_tcf/Digilent/210183AF2A58A
INFO: [Labtools 27-1434] Device xc7a35t (JTAG device index = 0) is programmed with a design that has no supported debug core(s) in it.
WARNING: [Labtoolstcl 44-129] No matching hw_ila_data was found.
ERROR: [Labtoolstcl 44-513] HW Target shutdown. Closing target: localhost:3121/xilinx_tcf/Digilent/210183AF2A58A
INFO: [Labtoolstcl 44-466] Opening hw_target localhost:3121/xilinx_tcf/Digilent/210183AF2A58A
INFO: [Labtools 27-1434] Device xc7a35t (JTAG device index = 0) is programmed with a design that has no supported debug core(s) in it.
WARNING: [Labtoolstcl 44-129] No matching hw_ila_data was found.
ERROR: [Labtoolstcl 44-513] HW Target shutdown. Closing target: localhost:3121/xilinx_tcf/Digilent/210183AF2A58A
INFO: [Labtoolstcl 44-466] Opening hw_target localhost:3121/xilinx_tcf/Digilent/210183AF2A58A
INFO: [Labtools 27-1434] Device xc7a35t (JTAG device index = 0) is programmed with a design that has no supported debug core(s) in it.
WARNING: [Labtoolstcl 44-129] No matching hw_ila_data was found.
ERROR: [Labtoolstcl 44-513] HW Target shutdown. Closing target: localhost:3121/xilinx_tcf/Digilent/210183AF2A58A
INFO: [Labtoolstcl 44-466] Opening hw_target localhost:3121/xilinx_tcf/Digilent/210183AF2A58A
INFO: [Labtools 27-1434] Device xc7a35t (JTAG device index = 0) is programmed with a design that has no supported debug core(s) in it.
WARNING: [Labtoolstcl 44-129] No matching hw_ila_data was found.
set_property PROBES.FILE {} [get_hw_devices xc7a35t_0]
set_property FULL_PROBES.FILE {} [get_hw_devices xc7a35t_0]
set_property PROGRAM.FILE {C:/Users/raufa/OneDrive/Desktop/Skeeball_counter_complete/Skeeball_counter_complete/SKEEBALL/Skeeball_project/Skeeball_project.runs/impl_1/Top_Level_Module.bit} [get_hw_devices xc7a35t_0]
program_hw_devices [get_hw_devices xc7a35t_0]
INFO: [Labtools 27-3164] End of startup status: HIGH
refresh_hw_device [lindex [get_hw_devices xc7a35t_0] 0]
INFO: [Labtools 27-1434] Device xc7a35t (JTAG device index = 0) is programmed with a design that has no supported debug core(s) in it.
ERROR: [Labtoolstcl 44-513] HW Target shutdown. Closing target: localhost:3121/xilinx_tcf/Digilent/210183AF2A58A
disconnect_hw_server localhost:3121
connect_hw_server -allow_non_jtag
INFO: [Labtools 27-2285] Connecting to hw_server url TCP:localhost:3121
INFO: [Labtools 27-3415] Connecting to cs_server url TCP:localhost:3042
INFO: [Labtools 27-3414] Connected to existing cs_server.
open_hw_target
INFO: [Labtoolstcl 44-466] Opening hw_target localhost:3121/xilinx_tcf/Digilent/210183AF2A58A
set_property PROGRAM.FILE {C:/Users/raufa/OneDrive/Desktop/Skeeball_counter_complete/Skeeball_counter_complete/SKEEBALL/Skeeball_project/Skeeball_project.runs/impl_1/Top_Level_Module.bit} [get_hw_devices xc7a35t_0]
current_hw_device [get_hw_devices xc7a35t_0]
refresh_hw_device -update_hw_probes false [lindex [get_hw_devices xc7a35t_0] 0]
INFO: [Labtools 27-1434] Device xc7a35t (JTAG device index = 0) is programmed with a design that has no supported debug core(s) in it.
set_property PROBES.FILE {} [get_hw_devices xc7a35t_0]
set_property FULL_PROBES.FILE {} [get_hw_devices xc7a35t_0]
set_property PROGRAM.FILE {C:/Users/raufa/OneDrive/Desktop/Skeeball_counter_complete/Skeeball_counter_complete/SKEEBALL/Skeeball_project/Skeeball_project.runs/impl_1/Top_Level_Module.bit} [get_hw_devices xc7a35t_0]
program_hw_devices [get_hw_devices xc7a35t_0]
INFO: [Labtools 27-3164] End of startup status: HIGH
refresh_hw_device [lindex [get_hw_devices xc7a35t_0] 0]
INFO: [Labtools 27-1434] Device xc7a35t (JTAG device index = 0) is programmed with a design that has no supported debug core(s) in it.
reset_run synth_1
launch_runs impl_1 -to_step write_bitstream -jobs 16
[Mon Apr 21 13:50:40 2025] Launched synth_1...
Run output will be captured here: C:/Users/raufa/OneDrive/Desktop/Skeeball_counter_complete/Skeeball_counter_complete/SKEEBALL/Skeeball_project/Skeeball_project.runs/synth_1/runme.log
[Mon Apr 21 13:50:40 2025] Launched impl_1...
Run output will be captured here: C:/Users/raufa/OneDrive/Desktop/Skeeball_counter_complete/Skeeball_counter_complete/SKEEBALL/Skeeball_project/Skeeball_project.runs/impl_1/runme.log
set_property PROBES.FILE {} [get_hw_devices xc7a35t_0]
set_property FULL_PROBES.FILE {} [get_hw_devices xc7a35t_0]
set_property PROGRAM.FILE {C:/Users/raufa/OneDrive/Desktop/Skeeball_counter_complete/Skeeball_counter_complete/SKEEBALL/Skeeball_project/Skeeball_project.runs/impl_1/Top_Level_Module.bit} [get_hw_devices xc7a35t_0]
program_hw_devices [get_hw_devices xc7a35t_0]
INFO: [Labtools 27-3164] End of startup status: HIGH
refresh_hw_device [lindex [get_hw_devices xc7a35t_0] 0]
INFO: [Labtools 27-1434] Device xc7a35t (JTAG device index = 0) is programmed with a design that has no supported debug core(s) in it.
reset_run synth_1
launch_runs impl_1 -to_step write_bitstream -jobs 16
[Mon Apr 21 13:52:51 2025] Launched synth_1...
Run output will be captured here: C:/Users/raufa/OneDrive/Desktop/Skeeball_counter_complete/Skeeball_counter_complete/SKEEBALL/Skeeball_project/Skeeball_project.runs/synth_1/runme.log
[Mon Apr 21 13:52:51 2025] Launched impl_1...
Run output will be captured here: C:/Users/raufa/OneDrive/Desktop/Skeeball_counter_complete/Skeeball_counter_complete/SKEEBALL/Skeeball_project/Skeeball_project.runs/impl_1/runme.log
set_property PROBES.FILE {} [get_hw_devices xc7a35t_0]
set_property FULL_PROBES.FILE {} [get_hw_devices xc7a35t_0]
set_property PROGRAM.FILE {C:/Users/raufa/OneDrive/Desktop/Skeeball_counter_complete/Skeeball_counter_complete/SKEEBALL/Skeeball_project/Skeeball_project.runs/impl_1/Top_Level_Module.bit} [get_hw_devices xc7a35t_0]
program_hw_devices [get_hw_devices xc7a35t_0]
INFO: [Labtools 27-3164] End of startup status: HIGH
refresh_hw_device [lindex [get_hw_devices xc7a35t_0] 0]
INFO: [Labtools 27-1434] Device xc7a35t (JTAG device index = 0) is programmed with a design that has no supported debug core(s) in it.
set_property PROBES.FILE {} [get_hw_devices xc7a35t_0]
set_property FULL_PROBES.FILE {} [get_hw_devices xc7a35t_0]
set_property PROGRAM.FILE {C:/Users/raufa/OneDrive/Desktop/Skeeball_counter_complete/Skeeball_counter_complete/SKEEBALL/Skeeball_project/Skeeball_project.runs/impl_1/Top_Level_Module.bit} [get_hw_devices xc7a35t_0]
program_hw_devices [get_hw_devices xc7a35t_0]
INFO: [Labtools 27-3164] End of startup status: HIGH
refresh_hw_device [lindex [get_hw_devices xc7a35t_0] 0]
INFO: [Labtools 27-1434] Device xc7a35t (JTAG device index = 0) is programmed with a design that has no supported debug core(s) in it.
reset_run synth_1
launch_runs impl_1 -to_step write_bitstream -jobs 16
[Mon Apr 21 13:57:40 2025] Launched synth_1...
Run output will be captured here: C:/Users/raufa/OneDrive/Desktop/Skeeball_counter_complete/Skeeball_counter_complete/SKEEBALL/Skeeball_project/Skeeball_project.runs/synth_1/runme.log
[Mon Apr 21 13:57:40 2025] Launched impl_1...
Run output will be captured here: C:/Users/raufa/OneDrive/Desktop/Skeeball_counter_complete/Skeeball_counter_complete/SKEEBALL/Skeeball_project/Skeeball_project.runs/impl_1/runme.log
set_property PROBES.FILE {} [get_hw_devices xc7a35t_0]
set_property FULL_PROBES.FILE {} [get_hw_devices xc7a35t_0]
set_property PROGRAM.FILE {C:/Users/raufa/OneDrive/Desktop/Skeeball_counter_complete/Skeeball_counter_complete/SKEEBALL/Skeeball_project/Skeeball_project.runs/impl_1/Top_Level_Module.bit} [get_hw_devices xc7a35t_0]
program_hw_devices [get_hw_devices xc7a35t_0]
INFO: [Labtools 27-3164] End of startup status: HIGH
refresh_hw_device [lindex [get_hw_devices xc7a35t_0] 0]
INFO: [Labtools 27-1434] Device xc7a35t (JTAG device index = 0) is programmed with a design that has no supported debug core(s) in it.
reset_run synth_1
launch_runs impl_1 -to_step write_bitstream -jobs 16
[Mon Apr 21 14:05:01 2025] Launched synth_1...
Run output will be captured here: C:/Users/raufa/OneDrive/Desktop/Skeeball_counter_complete/Skeeball_counter_complete/SKEEBALL/Skeeball_project/Skeeball_project.runs/synth_1/runme.log
[Mon Apr 21 14:05:01 2025] Launched impl_1...
Run output will be captured here: C:/Users/raufa/OneDrive/Desktop/Skeeball_counter_complete/Skeeball_counter_complete/SKEEBALL/Skeeball_project/Skeeball_project.runs/impl_1/runme.log
set_property PROBES.FILE {} [get_hw_devices xc7a35t_0]
set_property FULL_PROBES.FILE {} [get_hw_devices xc7a35t_0]
set_property PROGRAM.FILE {C:/Users/raufa/OneDrive/Desktop/Skeeball_counter_complete/Skeeball_counter_complete/SKEEBALL/Skeeball_project/Skeeball_project.runs/impl_1/Top_Level_Module.bit} [get_hw_devices xc7a35t_0]
program_hw_devices [get_hw_devices xc7a35t_0]
INFO: [Labtools 27-3164] End of startup status: HIGH
refresh_hw_device [lindex [get_hw_devices xc7a35t_0] 0]
INFO: [Labtools 27-1434] Device xc7a35t (JTAG device index = 0) is programmed with a design that has no supported debug core(s) in it.
reset_run synth_1
launch_runs impl_1 -to_step write_bitstream -jobs 16
[Mon Apr 21 14:23:01 2025] Launched synth_1...
Run output will be captured here: C:/Users/raufa/OneDrive/Desktop/Skeeball_counter_complete/Skeeball_counter_complete/SKEEBALL/Skeeball_project/Skeeball_project.runs/synth_1/runme.log
[Mon Apr 21 14:23:01 2025] Launched impl_1...
Run output will be captured here: C:/Users/raufa/OneDrive/Desktop/Skeeball_counter_complete/Skeeball_counter_complete/SKEEBALL/Skeeball_project/Skeeball_project.runs/impl_1/runme.log
open_run impl_1
Netlist sorting complete. Time (s): cpu = 00:00:00 ; elapsed = 00:00:00.014 . Memory (MB): peak = 3438.480 ; gain = 0.000
INFO: [Netlist 29-17] Analyzing 153 Unisim elements for replacement
INFO: [Netlist 29-28] Unisim Transformation completed in 0 CPU seconds
INFO: [Project 1-479] Netlist was created with Vivado 2020.1
INFO: [Project 1-570] Preparing netlist for logic optimization
INFO: [Timing 38-478] Restoring timing data from binary archive.
INFO: [Timing 38-479] Binary timing data restore complete.
INFO: [Project 1-856] Restoring constraints from binary archive.
INFO: [Project 1-853] Binary constraint restore complete.
Reading XDEF placement.
Reading placer database...
Reading XDEF routing.
Read XDEF File: Time (s): cpu = 00:00:00 ; elapsed = 00:00:00.160 . Memory (MB): peak = 3438.480 ; gain = 0.000
Restored from archive | CPU: 0.000000 secs | Memory: 0.000000 MB |
Finished XDEF File Restore: Time (s): cpu = 00:00:00 ; elapsed = 00:00:00.160 . Memory (MB): peak = 3438.480 ; gain = 0.000
Netlist sorting complete. Time (s): cpu = 00:00:00 ; elapsed = 00:00:00 . Memory (MB): peak = 3438.480 ; gain = 0.000
INFO: [Project 1-111] Unisim Transformation Summary:
No Unisim elements were transformed.

WARNING: [Timing 38-313] There are no user specified timing constraints. Timing constraints are needed for proper timing analysis.
place_ports S2 G3
save_constraints
reset_run impl_1
launch_runs impl_1 -to_step write_bitstream -jobs 16
[Mon Apr 21 14:25:21 2025] Launched impl_1...
Run output will be captured here: C:/Users/raufa/OneDrive/Desktop/Skeeball_counter_complete/Skeeball_counter_complete/SKEEBALL/Skeeball_project/Skeeball_project.runs/impl_1/runme.log
place_ports S3 J2
save_constraints -force
reset_run impl_1 -prev_step 
reset_run impl_1
launch_runs impl_1 -to_step write_bitstream -jobs 16
[Mon Apr 21 14:26:42 2025] Launched impl_1...
Run output will be captured here: C:/Users/raufa/OneDrive/Desktop/Skeeball_counter_complete/Skeeball_counter_complete/SKEEBALL/Skeeball_project/Skeeball_project.runs/impl_1/runme.log
set_property PROBES.FILE {} [get_hw_devices xc7a35t_0]
set_property FULL_PROBES.FILE {} [get_hw_devices xc7a35t_0]
set_property PROGRAM.FILE {C:/Users/raufa/OneDrive/Desktop/Skeeball_counter_complete/Skeeball_counter_complete/SKEEBALL/Skeeball_project/Skeeball_project.runs/impl_1/Top_Level_Module.bit} [get_hw_devices xc7a35t_0]
program_hw_devices [get_hw_devices xc7a35t_0]
INFO: [Labtools 27-3164] End of startup status: HIGH
refresh_hw_device [lindex [get_hw_devices xc7a35t_0] 0]
INFO: [Labtools 27-1434] Device xc7a35t (JTAG device index = 0) is programmed with a design that has no supported debug core(s) in it.
set_property PROBES.FILE {} [get_hw_devices xc7a35t_0]
set_property FULL_PROBES.FILE {} [get_hw_devices xc7a35t_0]
set_property PROGRAM.FILE {C:/Users/raufa/OneDrive/Desktop/Skeeball_counter_complete/Skeeball_counter_complete/SKEEBALL/Skeeball_project/Skeeball_project.runs/impl_1/Top_Level_Module.bit} [get_hw_devices xc7a35t_0]
program_hw_devices [get_hw_devices xc7a35t_0]
INFO: [Labtools 27-3164] End of startup status: HIGH
refresh_hw_device [lindex [get_hw_devices xc7a35t_0] 0]
INFO: [Labtools 27-1434] Device xc7a35t (JTAG device index = 0) is programmed with a design that has no supported debug core(s) in it.
set_property PROBES.FILE {} [get_hw_devices xc7a35t_0]
set_property FULL_PROBES.FILE {} [get_hw_devices xc7a35t_0]
set_property PROGRAM.FILE {C:/Users/raufa/OneDrive/Desktop/Skeeball_counter_complete/Skeeball_counter_complete/SKEEBALL/Skeeball_project/Skeeball_project.runs/impl_1/Top_Level_Module.bit} [get_hw_devices xc7a35t_0]
program_hw_devices [get_hw_devices xc7a35t_0]
INFO: [Labtools 27-3164] End of startup status: HIGH
refresh_hw_device [lindex [get_hw_devices xc7a35t_0] 0]
INFO: [Labtools 27-1434] Device xc7a35t (JTAG device index = 0) is programmed with a design that has no supported debug core(s) in it.
set_property PROBES.FILE {} [get_hw_devices xc7a35t_0]
set_property FULL_PROBES.FILE {} [get_hw_devices xc7a35t_0]
set_property PROGRAM.FILE {C:/Users/raufa/OneDrive/Desktop/Skeeball_counter_complete/Skeeball_counter_complete/SKEEBALL/Skeeball_project/Skeeball_project.runs/impl_1/Top_Level_Module.bit} [get_hw_devices xc7a35t_0]
program_hw_devices [get_hw_devices xc7a35t_0]
INFO: [Labtools 27-3164] End of startup status: HIGH
refresh_hw_device [lindex [get_hw_devices xc7a35t_0] 0]
INFO: [Labtools 27-1434] Device xc7a35t (JTAG device index = 0) is programmed with a design that has no supported debug core(s) in it.
reset_run synth_1
launch_runs impl_1 -to_step write_bitstream -jobs 16
[Mon Apr 21 14:33:21 2025] Launched synth_1...
Run output will be captured here: C:/Users/raufa/OneDrive/Desktop/Skeeball_counter_complete/Skeeball_counter_complete/SKEEBALL/Skeeball_project/Skeeball_project.runs/synth_1/runme.log
[Mon Apr 21 14:33:21 2025] Launched impl_1...
Run output will be captured here: C:/Users/raufa/OneDrive/Desktop/Skeeball_counter_complete/Skeeball_counter_complete/SKEEBALL/Skeeball_project/Skeeball_project.runs/impl_1/runme.log
ERROR: [Labtoolstcl 44-513] HW Target shutdown. Closing target: localhost:3121/xilinx_tcf/Digilent/210183AF2A58A
reset_run synth_1
launch_runs impl_1 -to_step write_bitstream -jobs 16
[Mon Apr 21 15:07:20 2025] Launched synth_1...
Run output will be captured here: C:/Users/raufa/OneDrive/Desktop/Skeeball_counter_complete/Skeeball_counter_complete/SKEEBALL/Skeeball_project/Skeeball_project.runs/synth_1/runme.log
[Mon Apr 21 15:07:20 2025] Launched impl_1...
Run output will be captured here: C:/Users/raufa/OneDrive/Desktop/Skeeball_counter_complete/Skeeball_counter_complete/SKEEBALL/Skeeball_project/Skeeball_project.runs/impl_1/runme.log
INFO: [Labtoolstcl 44-466] Opening hw_target localhost:3121/xilinx_tcf/Digilent/210183AF2A58A
INFO: [Labtools 27-1434] Device xc7a35t (JTAG device index = 0) is programmed with a design that has no supported debug core(s) in it.
WARNING: [Labtoolstcl 44-129] No matching hw_ila_data was found.
set_property PROBES.FILE {} [get_hw_devices xc7a35t_0]
set_property FULL_PROBES.FILE {} [get_hw_devices xc7a35t_0]
set_property PROGRAM.FILE {C:/Users/raufa/OneDrive/Desktop/Skeeball_counter_complete/Skeeball_counter_complete/SKEEBALL/Skeeball_project/Skeeball_project.runs/impl_1/Top_Level_Module.bit} [get_hw_devices xc7a35t_0]
program_hw_devices [get_hw_devices xc7a35t_0]
INFO: [Labtools 27-3164] End of startup status: HIGH
refresh_hw_device [lindex [get_hw_devices xc7a35t_0] 0]
INFO: [Labtools 27-1434] Device xc7a35t (JTAG device index = 0) is programmed with a design that has no supported debug core(s) in it.
ERROR: [Labtoolstcl 44-513] HW Target shutdown. Closing target: localhost:3121/xilinx_tcf/Digilent/210183AF2A58A
INFO: [Labtoolstcl 44-466] Opening hw_target localhost:3121/xilinx_tcf/Digilent/210183AF2A58A
INFO: [Labtools 27-1434] Device xc7a35t (JTAG device index = 0) is programmed with a design that has no supported debug core(s) in it.
WARNING: [Labtoolstcl 44-129] No matching hw_ila_data was found.
reset_run synth_1
launch_runs impl_1 -to_step write_bitstream -jobs 16
[Mon Apr 21 15:23:47 2025] Launched synth_1...
Run output will be captured here: C:/Users/raufa/OneDrive/Desktop/Skeeball_counter_complete/Skeeball_counter_complete/SKEEBALL/Skeeball_project/Skeeball_project.runs/synth_1/runme.log
[Mon Apr 21 15:23:47 2025] Launched impl_1...
Run output will be captured here: C:/Users/raufa/OneDrive/Desktop/Skeeball_counter_complete/Skeeball_counter_complete/SKEEBALL/Skeeball_project/Skeeball_project.runs/impl_1/runme.log
set_property PROBES.FILE {} [get_hw_devices xc7a35t_0]
set_property FULL_PROBES.FILE {} [get_hw_devices xc7a35t_0]
set_property PROGRAM.FILE {C:/Users/raufa/OneDrive/Desktop/Skeeball_counter_complete/Skeeball_counter_complete/SKEEBALL/Skeeball_project/Skeeball_project.runs/impl_1/Top_Level_Module.bit} [get_hw_devices xc7a35t_0]
program_hw_devices [get_hw_devices xc7a35t_0]
INFO: [Labtools 27-3164] End of startup status: HIGH
refresh_hw_device [lindex [get_hw_devices xc7a35t_0] 0]
INFO: [Labtools 27-1434] Device xc7a35t (JTAG device index = 0) is programmed with a design that has no supported debug core(s) in it.
set_property PROBES.FILE {} [get_hw_devices xc7a35t_0]
set_property FULL_PROBES.FILE {} [get_hw_devices xc7a35t_0]
set_property PROGRAM.FILE {C:/Users/raufa/OneDrive/Desktop/Skeeball_counter_complete/Skeeball_counter_complete/SKEEBALL/Skeeball_project/Skeeball_project.runs/impl_1/Top_Level_Module.bit} [get_hw_devices xc7a35t_0]
program_hw_devices [get_hw_devices xc7a35t_0]
INFO: [Labtools 27-3164] End of startup status: HIGH
refresh_hw_device [lindex [get_hw_devices xc7a35t_0] 0]
INFO: [Labtools 27-1434] Device xc7a35t (JTAG device index = 0) is programmed with a design that has no supported debug core(s) in it.
set_property PROBES.FILE {} [get_hw_devices xc7a35t_0]
set_property FULL_PROBES.FILE {} [get_hw_devices xc7a35t_0]
set_property PROGRAM.FILE {C:/Users/raufa/OneDrive/Desktop/Skeeball_counter_complete/Skeeball_counter_complete/SKEEBALL/Skeeball_project/Skeeball_project.runs/impl_1/Top_Level_Module.bit} [get_hw_devices xc7a35t_0]
program_hw_devices [get_hw_devices xc7a35t_0]
INFO: [Labtools 27-3164] End of startup status: HIGH
refresh_hw_device [lindex [get_hw_devices xc7a35t_0] 0]
INFO: [Labtools 27-1434] Device xc7a35t (JTAG device index = 0) is programmed with a design that has no supported debug core(s) in it.
reset_run synth_1
launch_runs impl_1 -to_step write_bitstream -jobs 16
[Mon Apr 21 15:27:13 2025] Launched synth_1...
Run output will be captured here: C:/Users/raufa/OneDrive/Desktop/Skeeball_counter_complete/Skeeball_counter_complete/SKEEBALL/Skeeball_project/Skeeball_project.runs/synth_1/runme.log
[Mon Apr 21 15:27:13 2025] Launched impl_1...
Run output will be captured here: C:/Users/raufa/OneDrive/Desktop/Skeeball_counter_complete/Skeeball_counter_complete/SKEEBALL/Skeeball_project/Skeeball_project.runs/impl_1/runme.log
set_property PROBES.FILE {} [get_hw_devices xc7a35t_0]
set_property FULL_PROBES.FILE {} [get_hw_devices xc7a35t_0]
set_property PROGRAM.FILE {C:/Users/raufa/OneDrive/Desktop/Skeeball_counter_complete/Skeeball_counter_complete/SKEEBALL/Skeeball_project/Skeeball_project.runs/impl_1/Top_Level_Module.bit} [get_hw_devices xc7a35t_0]
program_hw_devices [get_hw_devices xc7a35t_0]
INFO: [Labtools 27-3164] End of startup status: HIGH
refresh_hw_device [lindex [get_hw_devices xc7a35t_0] 0]
INFO: [Labtools 27-1434] Device xc7a35t (JTAG device index = 0) is programmed with a design that has no supported debug core(s) in it.
reset_run synth_1
launch_runs impl_1 -to_step write_bitstream -jobs 16
[Mon Apr 21 15:29:29 2025] Launched synth_1...
Run output will be captured here: C:/Users/raufa/OneDrive/Desktop/Skeeball_counter_complete/Skeeball_counter_complete/SKEEBALL/Skeeball_project/Skeeball_project.runs/synth_1/runme.log
[Mon Apr 21 15:29:29 2025] Launched impl_1...
Run output will be captured here: C:/Users/raufa/OneDrive/Desktop/Skeeball_counter_complete/Skeeball_counter_complete/SKEEBALL/Skeeball_project/Skeeball_project.runs/impl_1/runme.log
set_property PROBES.FILE {} [get_hw_devices xc7a35t_0]
set_property FULL_PROBES.FILE {} [get_hw_devices xc7a35t_0]
set_property PROGRAM.FILE {C:/Users/raufa/OneDrive/Desktop/Skeeball_counter_complete/Skeeball_counter_complete/SKEEBALL/Skeeball_project/Skeeball_project.runs/impl_1/Top_Level_Module.bit} [get_hw_devices xc7a35t_0]
program_hw_devices [get_hw_devices xc7a35t_0]
INFO: [Labtools 27-3164] End of startup status: HIGH
refresh_hw_device [lindex [get_hw_devices xc7a35t_0] 0]
INFO: [Labtools 27-1434] Device xc7a35t (JTAG device index = 0) is programmed with a design that has no supported debug core(s) in it.
reset_run synth_1
launch_runs impl_1 -to_step write_bitstream -jobs 16
[Mon Apr 21 15:39:56 2025] Launched synth_1...
Run output will be captured here: C:/Users/raufa/OneDrive/Desktop/Skeeball_counter_complete/Skeeball_counter_complete/SKEEBALL/Skeeball_project/Skeeball_project.runs/synth_1/runme.log
[Mon Apr 21 15:39:56 2025] Launched impl_1...
Run output will be captured here: C:/Users/raufa/OneDrive/Desktop/Skeeball_counter_complete/Skeeball_counter_complete/SKEEBALL/Skeeball_project/Skeeball_project.runs/impl_1/runme.log
set_property PROBES.FILE {} [get_hw_devices xc7a35t_0]
set_property FULL_PROBES.FILE {} [get_hw_devices xc7a35t_0]
set_property PROGRAM.FILE {C:/Users/raufa/OneDrive/Desktop/Skeeball_counter_complete/Skeeball_counter_complete/SKEEBALL/Skeeball_project/Skeeball_project.runs/impl_1/Top_Level_Module.bit} [get_hw_devices xc7a35t_0]
program_hw_devices [get_hw_devices xc7a35t_0]
INFO: [Labtools 27-3164] End of startup status: HIGH
refresh_hw_device [lindex [get_hw_devices xc7a35t_0] 0]
INFO: [Labtools 27-1434] Device xc7a35t (JTAG device index = 0) is programmed with a design that has no supported debug core(s) in it.
reset_run synth_1
launch_runs impl_1 -to_step write_bitstream -jobs 16
[Mon Apr 21 15:50:19 2025] Launched synth_1...
Run output will be captured here: C:/Users/raufa/OneDrive/Desktop/Skeeball_counter_complete/Skeeball_counter_complete/SKEEBALL/Skeeball_project/Skeeball_project.runs/synth_1/runme.log
[Mon Apr 21 15:50:19 2025] Launched impl_1...
Run output will be captured here: C:/Users/raufa/OneDrive/Desktop/Skeeball_counter_complete/Skeeball_counter_complete/SKEEBALL/Skeeball_project/Skeeball_project.runs/impl_1/runme.log
set_property PROBES.FILE {} [get_hw_devices xc7a35t_0]
set_property FULL_PROBES.FILE {} [get_hw_devices xc7a35t_0]
set_property PROGRAM.FILE {C:/Users/raufa/OneDrive/Desktop/Skeeball_counter_complete/Skeeball_counter_complete/SKEEBALL/Skeeball_project/Skeeball_project.runs/impl_1/Top_Level_Module.bit} [get_hw_devices xc7a35t_0]
program_hw_devices [get_hw_devices xc7a35t_0]
INFO: [Labtools 27-3164] End of startup status: HIGH
refresh_hw_device [lindex [get_hw_devices xc7a35t_0] 0]
INFO: [Labtools 27-1434] Device xc7a35t (JTAG device index = 0) is programmed with a design that has no supported debug core(s) in it.
reset_run synth_1
launch_runs impl_1 -to_step write_bitstream -jobs 16
[Mon Apr 21 15:53:09 2025] Launched synth_1...
Run output will be captured here: C:/Users/raufa/OneDrive/Desktop/Skeeball_counter_complete/Skeeball_counter_complete/SKEEBALL/Skeeball_project/Skeeball_project.runs/synth_1/runme.log
[Mon Apr 21 15:53:09 2025] Launched impl_1...
Run output will be captured here: C:/Users/raufa/OneDrive/Desktop/Skeeball_counter_complete/Skeeball_counter_complete/SKEEBALL/Skeeball_project/Skeeball_project.runs/impl_1/runme.log
set_property PROBES.FILE {} [get_hw_devices xc7a35t_0]
set_property FULL_PROBES.FILE {} [get_hw_devices xc7a35t_0]
set_property PROGRAM.FILE {C:/Users/raufa/OneDrive/Desktop/Skeeball_counter_complete/Skeeball_counter_complete/SKEEBALL/Skeeball_project/Skeeball_project.runs/impl_1/Top_Level_Module.bit} [get_hw_devices xc7a35t_0]
program_hw_devices [get_hw_devices xc7a35t_0]
INFO: [Labtools 27-3164] End of startup status: HIGH
refresh_hw_device [lindex [get_hw_devices xc7a35t_0] 0]
INFO: [Labtools 27-1434] Device xc7a35t (JTAG device index = 0) is programmed with a design that has no supported debug core(s) in it.
close_hw_manager
close_design
exit
INFO: [Common 17-206] Exiting Vivado at Mon Apr 21 15:58:25 2025...
