
*** Running vivado
    with args -log Top_Level_Module.vds -m64 -product Vivado -mode batch -messageDb vivado.pb -notrace -source Top_Level_Module.tcl



****** Vivado v2020.1 (64-bit)
  **** SW Build 2902540 on Wed May 27 19:54:49 MDT 2020
  **** IP Build 2902112 on Wed May 27 22:43:36 MDT 2020
    ** Copyright 1986-2020 Xilinx, Inc. All Rights Reserved.

source Top_Level_Module.tcl -notrace
Command: synth_design -top Top_Level_Module -part xc7a35tcpg236-1
Starting synth_design
Attempting to get a license for feature 'Synthesis' and/or device 'xc7a35t'
INFO: [Common 17-349] Got license for feature 'Synthesis' and/or device 'xc7a35t'
INFO: [Device 21-403] Loading part xc7a35tcpg236-1
INFO: [Synth 8-7079] Multithreading enabled for synth_design using a maximum of 2 processes.
INFO: [Synth 8-7078] Launching helper process for spawning children vivado processes
INFO: [Synth 8-7075] Helper process launched with PID 2288
WARNING: [Synth 8-2611] redeclaration of ansi port clk_d is not allowed [C:/Users/raufa/OneDrive/Desktop/Skeeball_project/Skeeball_project.srcs/sources_1/new/clock_divider.v:8]
WARNING: [Synth 8-2611] redeclaration of ansi port h_count is not allowed [C:/Users/raufa/OneDrive/Desktop/Skeeball_project/Skeeball_project.srcs/sources_1/new/h_counter.v:9]
WARNING: [Synth 8-2611] redeclaration of ansi port trig_v is not allowed [C:/Users/raufa/OneDrive/Desktop/Skeeball_project/Skeeball_project.srcs/sources_1/new/h_counter.v:10]
---------------------------------------------------------------------------------
Starting RTL Elaboration : Time (s): cpu = 00:00:02 ; elapsed = 00:00:03 . Memory (MB): peak = 1030.949 ; gain = 0.000
---------------------------------------------------------------------------------
INFO: [Synth 8-6157] synthesizing module 'Top_Level_Module' [C:/Users/raufa/OneDrive/Desktop/Skeeball_project/Skeeball_project.srcs/sources_1/new/top_level_module.v:3]
INFO: [Synth 8-6157] synthesizing module 'clock_divider' [C:/Users/raufa/OneDrive/Desktop/Skeeball_project/Skeeball_project.srcs/sources_1/new/clock_divider.v:3]
	Parameter div_value bound to: 1 - type: integer 
INFO: [Synth 8-6155] done synthesizing module 'clock_divider' (1#1) [C:/Users/raufa/OneDrive/Desktop/Skeeball_project/Skeeball_project.srcs/sources_1/new/clock_divider.v:3]
INFO: [Synth 8-6157] synthesizing module 'h_counter' [C:/Users/raufa/OneDrive/Desktop/Skeeball_project/Skeeball_project.srcs/sources_1/new/h_counter.v:4]
INFO: [Synth 8-6155] done synthesizing module 'h_counter' (2#1) [C:/Users/raufa/OneDrive/Desktop/Skeeball_project/Skeeball_project.srcs/sources_1/new/h_counter.v:4]
INFO: [Synth 8-6157] synthesizing module 'v_counter' [C:/Users/raufa/OneDrive/Desktop/Skeeball_project/Skeeball_project.srcs/sources_1/new/v_counter.v:3]
INFO: [Synth 8-6155] done synthesizing module 'v_counter' (3#1) [C:/Users/raufa/OneDrive/Desktop/Skeeball_project/Skeeball_project.srcs/sources_1/new/v_counter.v:3]
INFO: [Synth 8-6157] synthesizing module 'vga_sync' [C:/Users/raufa/OneDrive/Desktop/Skeeball_project/Skeeball_project.srcs/sources_1/new/vga_sync.v:1]
	Parameter HD bound to: 640 - type: integer 
	Parameter HF bound to: 16 - type: integer 
	Parameter HB bound to: 48 - type: integer 
	Parameter HR bound to: 96 - type: integer 
	Parameter VD bound to: 480 - type: integer 
	Parameter VF bound to: 10 - type: integer 
	Parameter VB bound to: 33 - type: integer 
	Parameter VR bound to: 2 - type: integer 
INFO: [Synth 8-6155] done synthesizing module 'vga_sync' (4#1) [C:/Users/raufa/OneDrive/Desktop/Skeeball_project/Skeeball_project.srcs/sources_1/new/vga_sync.v:1]
INFO: [Synth 8-6157] synthesizing module 'pixel_gen_endscreen' [C:/Users/raufa/OneDrive/Desktop/Skeeball_project/Skeeball_project.srcs/sources_1/new/pixel_gen_endscreen.v:1]
INFO: [Synth 8-6155] done synthesizing module 'pixel_gen_endscreen' (5#1) [C:/Users/raufa/OneDrive/Desktop/Skeeball_project/Skeeball_project.srcs/sources_1/new/pixel_gen_endscreen.v:1]
INFO: [Synth 8-6155] done synthesizing module 'Top_Level_Module' (6#1) [C:/Users/raufa/OneDrive/Desktop/Skeeball_project/Skeeball_project.srcs/sources_1/new/top_level_module.v:3]
---------------------------------------------------------------------------------
Finished RTL Elaboration : Time (s): cpu = 00:00:03 ; elapsed = 00:00:04 . Memory (MB): peak = 1030.949 ; gain = 0.000
---------------------------------------------------------------------------------
---------------------------------------------------------------------------------
Start Handling Custom Attributes
---------------------------------------------------------------------------------
---------------------------------------------------------------------------------
Finished Handling Custom Attributes : Time (s): cpu = 00:00:03 ; elapsed = 00:00:04 . Memory (MB): peak = 1030.949 ; gain = 0.000
---------------------------------------------------------------------------------
---------------------------------------------------------------------------------
Finished RTL Optimization Phase 1 : Time (s): cpu = 00:00:03 ; elapsed = 00:00:04 . Memory (MB): peak = 1030.949 ; gain = 0.000
---------------------------------------------------------------------------------
Netlist sorting complete. Time (s): cpu = 00:00:00 ; elapsed = 00:00:00.004 . Memory (MB): peak = 1030.949 ; gain = 0.000
INFO: [Project 1-570] Preparing netlist for logic optimization

Processing XDC Constraints
Initializing timing engine
Parsing XDC File [C:/Users/raufa/OneDrive/Desktop/Skeeball_project/Skeeball_project.srcs/constrs_1/new/test_top.xdc]
Finished Parsing XDC File [C:/Users/raufa/OneDrive/Desktop/Skeeball_project/Skeeball_project.srcs/constrs_1/new/test_top.xdc]
INFO: [Project 1-236] Implementation specific constraints were found while reading constraint file [C:/Users/raufa/OneDrive/Desktop/Skeeball_project/Skeeball_project.srcs/constrs_1/new/test_top.xdc]. These constraints will be ignored for synthesis but will be used in implementation. Impacted constraints are listed in the file [.Xil/Top_Level_Module_propImpl.xdc].
Resolution: To avoid this warning, move constraints listed in [.Xil/Top_Level_Module_propImpl.xdc] to another XDC file and exclude this new file from synthesis with the used_in_synthesis property (File Properties dialog in GUI) and re-run elaboration/synthesis.
Completed Processing XDC Constraints

Netlist sorting complete. Time (s): cpu = 00:00:00 ; elapsed = 00:00:00 . Memory (MB): peak = 1055.789 ; gain = 0.000
INFO: [Project 1-111] Unisim Transformation Summary:
No Unisim elements were transformed.

Constraint Validation Runtime : Time (s): cpu = 00:00:00 ; elapsed = 00:00:00.002 . Memory (MB): peak = 1055.789 ; gain = 0.000
---------------------------------------------------------------------------------
Finished Constraint Validation : Time (s): cpu = 00:00:07 ; elapsed = 00:00:09 . Memory (MB): peak = 1055.789 ; gain = 24.840
---------------------------------------------------------------------------------
---------------------------------------------------------------------------------
Start Loading Part and Timing Information
---------------------------------------------------------------------------------
Loading part: xc7a35tcpg236-1
---------------------------------------------------------------------------------
Finished Loading Part and Timing Information : Time (s): cpu = 00:00:07 ; elapsed = 00:00:09 . Memory (MB): peak = 1055.789 ; gain = 24.840
---------------------------------------------------------------------------------
---------------------------------------------------------------------------------
Start Applying 'set_property' XDC Constraints
---------------------------------------------------------------------------------
---------------------------------------------------------------------------------
Finished applying 'set_property' XDC Constraints : Time (s): cpu = 00:00:07 ; elapsed = 00:00:09 . Memory (MB): peak = 1055.789 ; gain = 24.840
---------------------------------------------------------------------------------
---------------------------------------------------------------------------------
Finished RTL Optimization Phase 2 : Time (s): cpu = 00:00:08 ; elapsed = 00:00:09 . Memory (MB): peak = 1055.789 ; gain = 24.840
---------------------------------------------------------------------------------
---------------------------------------------------------------------------------
Start RTL Component Statistics 
---------------------------------------------------------------------------------
Detailed RTL Component Info : 
+---Adders : 
	   2 Input   10 Bit       Adders := 2     
	   2 Input    1 Bit       Adders := 1     
+---Registers : 
	               10 Bit    Registers := 2     
	                1 Bit    Registers := 4     
+---Muxes : 
	   2 Input    1 Bit        Muxes := 1     
---------------------------------------------------------------------------------
Finished RTL Component Statistics 
---------------------------------------------------------------------------------
---------------------------------------------------------------------------------
Start Part Resource Summary
---------------------------------------------------------------------------------
Part Resources:
DSPs: 90 (col length:60)
BRAMs: 100 (col length: RAMB18 60 RAMB36 30)
---------------------------------------------------------------------------------
Finished Part Resource Summary
---------------------------------------------------------------------------------
---------------------------------------------------------------------------------
Start Cross Boundary and Area Optimization
---------------------------------------------------------------------------------
---------------------------------------------------------------------------------
Finished Cross Boundary and Area Optimization : Time (s): cpu = 00:00:10 ; elapsed = 00:00:11 . Memory (MB): peak = 1055.789 ; gain = 24.840
---------------------------------------------------------------------------------
---------------------------------------------------------------------------------
Start Applying XDC Timing Constraints
---------------------------------------------------------------------------------
---------------------------------------------------------------------------------
Finished Applying XDC Timing Constraints : Time (s): cpu = 00:00:14 ; elapsed = 00:00:16 . Memory (MB): peak = 1055.789 ; gain = 24.840
---------------------------------------------------------------------------------
---------------------------------------------------------------------------------
Start Timing Optimization
---------------------------------------------------------------------------------
---------------------------------------------------------------------------------
Finished Timing Optimization : Time (s): cpu = 00:00:14 ; elapsed = 00:00:16 . Memory (MB): peak = 1055.789 ; gain = 24.840
---------------------------------------------------------------------------------
---------------------------------------------------------------------------------
Start Technology Mapping
---------------------------------------------------------------------------------
---------------------------------------------------------------------------------
Finished Technology Mapping : Time (s): cpu = 00:00:14 ; elapsed = 00:00:16 . Memory (MB): peak = 1055.789 ; gain = 24.840
---------------------------------------------------------------------------------
---------------------------------------------------------------------------------
Start IO Insertion
---------------------------------------------------------------------------------
---------------------------------------------------------------------------------
Start Flattening Before IO Insertion
---------------------------------------------------------------------------------
---------------------------------------------------------------------------------
Finished Flattening Before IO Insertion
---------------------------------------------------------------------------------
---------------------------------------------------------------------------------
Start Final Netlist Cleanup
---------------------------------------------------------------------------------
---------------------------------------------------------------------------------
Finished Final Netlist Cleanup
---------------------------------------------------------------------------------
---------------------------------------------------------------------------------
Finished IO Insertion : Time (s): cpu = 00:00:16 ; elapsed = 00:00:18 . Memory (MB): peak = 1055.789 ; gain = 24.840
---------------------------------------------------------------------------------
---------------------------------------------------------------------------------
Start Renaming Generated Instances
---------------------------------------------------------------------------------
---------------------------------------------------------------------------------
Finished Renaming Generated Instances : Time (s): cpu = 00:00:16 ; elapsed = 00:00:18 . Memory (MB): peak = 1055.789 ; gain = 24.840
---------------------------------------------------------------------------------
---------------------------------------------------------------------------------
Start Rebuilding User Hierarchy
---------------------------------------------------------------------------------
---------------------------------------------------------------------------------
Finished Rebuilding User Hierarchy : Time (s): cpu = 00:00:16 ; elapsed = 00:00:18 . Memory (MB): peak = 1055.789 ; gain = 24.840
---------------------------------------------------------------------------------
---------------------------------------------------------------------------------
Start Renaming Generated Ports
---------------------------------------------------------------------------------
---------------------------------------------------------------------------------
Finished Renaming Generated Ports : Time (s): cpu = 00:00:16 ; elapsed = 00:00:18 . Memory (MB): peak = 1055.789 ; gain = 24.840
---------------------------------------------------------------------------------
---------------------------------------------------------------------------------
Start Handling Custom Attributes
---------------------------------------------------------------------------------
---------------------------------------------------------------------------------
Finished Handling Custom Attributes : Time (s): cpu = 00:00:16 ; elapsed = 00:00:18 . Memory (MB): peak = 1055.789 ; gain = 24.840
---------------------------------------------------------------------------------
---------------------------------------------------------------------------------
Start Renaming Generated Nets
---------------------------------------------------------------------------------
---------------------------------------------------------------------------------
Finished Renaming Generated Nets : Time (s): cpu = 00:00:16 ; elapsed = 00:00:18 . Memory (MB): peak = 1055.789 ; gain = 24.840
---------------------------------------------------------------------------------
---------------------------------------------------------------------------------
Start Writing Synthesis Report
---------------------------------------------------------------------------------

Report BlackBoxes: 
+-+--------------+----------+
| |BlackBox name |Instances |
+-+--------------+----------+
+-+--------------+----------+

Report Cell Usage: 
+------+------+------+
|      |Cell  |Count |
+------+------+------+
|1     |BUFG  |     1|
|2     |LUT1  |     3|
|3     |LUT2  |     5|
|4     |LUT3  |     7|
|5     |LUT4  |    15|
|6     |LUT5  |    10|
|7     |LUT6  |    56|
|8     |MUXF7 |     3|
|9     |FDRE  |    24|
|10    |IBUF  |     1|
|11    |OBUF  |    14|
+------+------+------+
---------------------------------------------------------------------------------
Finished Writing Synthesis Report : Time (s): cpu = 00:00:16 ; elapsed = 00:00:18 . Memory (MB): peak = 1055.789 ; gain = 24.840
---------------------------------------------------------------------------------
Synthesis finished with 0 errors, 0 critical warnings and 0 warnings.
Synthesis Optimization Runtime : Time (s): cpu = 00:00:12 ; elapsed = 00:00:17 . Memory (MB): peak = 1055.789 ; gain = 0.000
Synthesis Optimization Complete : Time (s): cpu = 00:00:17 ; elapsed = 00:00:19 . Memory (MB): peak = 1055.789 ; gain = 24.840
INFO: [Project 1-571] Translating synthesized netlist
Netlist sorting complete. Time (s): cpu = 00:00:00 ; elapsed = 00:00:00.002 . Memory (MB): peak = 1055.789 ; gain = 0.000
INFO: [Netlist 29-17] Analyzing 3 Unisim elements for replacement
INFO: [Netlist 29-28] Unisim Transformation completed in 0 CPU seconds
INFO: [Project 1-570] Preparing netlist for logic optimization
INFO: [Opt 31-138] Pushed 0 inverter(s) to 0 load pin(s).
Netlist sorting complete. Time (s): cpu = 00:00:00 ; elapsed = 00:00:00 . Memory (MB): peak = 1055.789 ; gain = 0.000
INFO: [Project 1-111] Unisim Transformation Summary:
No Unisim elements were transformed.

INFO: [Common 17-83] Releasing license: Synthesis
27 Infos, 3 Warnings, 0 Critical Warnings and 0 Errors encountered.
synth_design completed successfully
synth_design: Time (s): cpu = 00:00:20 ; elapsed = 00:00:23 . Memory (MB): peak = 1055.789 ; gain = 24.840
INFO: [Common 17-1381] The checkpoint 'C:/Users/raufa/OneDrive/Desktop/Skeeball_project/Skeeball_project.runs/synth_1/Top_Level_Module.dcp' has been generated.
INFO: [runtcl-4] Executing : report_utilization -file Top_Level_Module_utilization_synth.rpt -pb Top_Level_Module_utilization_synth.pb
INFO: [Common 17-206] Exiting Vivado at Wed Apr 16 17:36:04 2025...
